<?xml version="1.0" encoding="UTF-8"?>
<testsuites name="failed" time="105.007" tests="1" failures="0" errors="1">
   <testsuite name="failed" tests="1" failures="0" errors="1" time="105.007" skipped="0" timestamp="2023-06-07 14:18:22" hostname="deep - SF-CPU-460" id="Test Suites/Day-04/failed">
      <properties>
         <property name="deviceName" value=""/>
         <property name="devicePlatform" value=""/>
         <property name="logFolder" value="/home/deep/git/KatalonProject/Reports/20230607_141820/Day-04/failed/20230607_141820"/>
         <property name="logFiles" value="/home/deep/git/KatalonProject/Reports/20230607_141820/Day-04/failed/20230607_141820/execution0.log"/>
         <property name="attachments" value=""/>
         <property name="hostName" value="deep - SF-CPU-460"/>
         <property name="os" value="Linux 64bit"/>
         <property name="katalonVersion" value="8.6.0.208"/>
         <property name="browser" value="Chrome 109.0.0.0"/>
         <property name="hostAddress" value="127.0.1.1"/>
         <property name="sessionId" value="5d48228cd5db99b35331433f29823f06"/>
         <property name="seleniumVersion" value="3.141.59"/>
         <property name="proxyInformation" value="ProxyInformation { proxyOption=NO_PROXY, proxyServerType=HTTP, username=, password=********, proxyServerAddress=, proxyServerPort=0, executionList=&quot;&quot;, isApplyToDesiredCapabilities=true }"/>
         <property name="platform" value="Linux"/>
      </properties>
      <testcase name="Test Cases/Day-04/failesTestCase" time="24.832" classname="Test Cases/Day-04/failesTestCase" status="ERROR">
         <error type="ERROR" message="Test Cases/Day-04/failesTestCase FAILED.
Reason:
java.lang.NullPointerException
	at com.kms.katalon.core.webui.keyword.builtin.VerifyElementTextKeyword.verifyElementText(VerifyElementTextKeyword.groovy:72)
	at com.kms.katalon.core.webui.keyword.builtin.VerifyElementTextKeyword.execute(VerifyElementTextKeyword.groovy:40)
	at com.kms.katalon.core.keyword.internal.KeywordExecutor.executeKeywordForPlatform(KeywordExecutor.groovy:74)
	at com.kms.katalon.core.webui.keyword.WebUiBuiltInKeywords.verifyElementText(WebUiBuiltInKeywords.groovy:4749)
	at com.kms.katalon.core.webui.keyword.WebUiBuiltInKeywords$verifyElementText$5.call(Unknown Source)
	at failesTestCase.run(failesTestCase:83)
	at com.kms.katalon.core.main.ScriptEngine.run(ScriptEngine.java:194)
	at com.kms.katalon.core.main.ScriptEngine.runScriptAsRawText(ScriptEngine.java:119)
	at com.kms.katalon.core.main.TestCaseExecutor.runScript(TestCaseExecutor.java:448)
	at com.kms.katalon.core.main.TestCaseExecutor.doExecute(TestCaseExecutor.java:439)
	at com.kms.katalon.core.main.TestCaseExecutor.processExecutionPhase(TestCaseExecutor.java:418)
	at com.kms.katalon.core.main.TestCaseExecutor.accessMainPhase(TestCaseExecutor.java:410)
	at com.kms.katalon.core.main.TestCaseExecutor.execute(TestCaseExecutor.java:285)
	at com.kms.katalon.core.main.TestCaseExecutor.execute(TestCaseExecutor.java:369)
	at com.kms.katalon.core.main.TestCaseExecutor.execute(TestCaseExecutor.java:369)
	at com.kms.katalon.core.main.TestCaseExecutor.execute(TestCaseExecutor.java:369)
	at com.kms.katalon.core.common.CommonExecutor.accessTestCaseMainPhase(CommonExecutor.java:65)
	at com.kms.katalon.core.main.TestSuiteExecutor.accessTestSuiteMainPhase(TestSuiteExecutor.java:148)
	at com.kms.katalon.core.main.TestSuiteExecutor.execute(TestSuiteExecutor.java:106)
	at com.kms.katalon.core.main.TestCaseMain.startTestSuite(TestCaseMain.java:187)
	at com.kms.katalon.core.main.TestCaseMain$startTestSuite$0.call(Unknown Source)
	at TempTestSuite1686127700640.run(TempTestSuite1686127700640.groovy:36)
"/>
         <system-out><![CDATA[2023-06-07 14:19:42 - [TEST_CASE][ERROR] - Test Cases/Day-04/failesTestCase: Test Cases/Day-04/failesTestCase FAILED.
Reason:
java.lang.NullPointerException
	at com.kms.katalon.core.webui.keyword.builtin.VerifyElementTextKeyword.verifyElementText(VerifyElementTextKeyword.groovy:72)
	at com.kms.katalon.core.webui.keyword.builtin.VerifyElementTextKeyword.execute(VerifyElementTextKeyword.groovy:40)
	at com.kms.katalon.core.keyword.internal.KeywordExecutor.executeKeywordForPlatform(KeywordExecutor.groovy:74)
	at com.kms.katalon.core.webui.keyword.WebUiBuiltInKeywords.verifyElementText(WebUiBuiltInKeywords.groovy:4749)
	at com.kms.katalon.core.webui.keyword.WebUiBuiltInKeywords$verifyElementText$5.call(Unknown Source)
	at failesTestCase.run(failesTestCase:83)
	at com.kms.katalon.core.main.ScriptEngine.run(ScriptEngine.java:194)
	at com.kms.katalon.core.main.ScriptEngine.runScriptAsRawText(ScriptEngine.java:119)
	at com.kms.katalon.core.main.TestCaseExecutor.runScript(TestCaseExecutor.java:448)
	at com.kms.katalon.core.main.TestCaseExecutor.doExecute(TestCaseExecutor.java:439)
	at com.kms.katalon.core.main.TestCaseExecutor.processExecutionPhase(TestCaseExecutor.java:418)
	at com.kms.katalon.core.main.TestCaseExecutor.accessMainPhase(TestCaseExecutor.java:410)
	at com.kms.katalon.core.main.TestCaseExecutor.execute(TestCaseExecutor.java:285)
	at com.kms.katalon.core.main.TestCaseExecutor.execute(TestCaseExecutor.java:369)
	at com.kms.katalon.core.main.TestCaseExecutor.execute(TestCaseExecutor.java:369)
	at com.kms.katalon.core.main.TestCaseExecutor.execute(TestCaseExecutor.java:369)
	at com.kms.katalon.core.common.CommonExecutor.accessTestCaseMainPhase(CommonExecutor.java:65)
	at com.kms.katalon.core.main.TestSuiteExecutor.accessTestSuiteMainPhase(TestSuiteExecutor.java:148)
	at com.kms.katalon.core.main.TestSuiteExecutor.execute(TestSuiteExecutor.java:106)
	at com.kms.katalon.core.main.TestCaseMain.startTestSuite(TestCaseMain.java:187)
	at com.kms.katalon.core.main.TestCaseMain$startTestSuite$0.call(Unknown Source)
	at TempTestSuite1686127700640.run(TempTestSuite1686127700640.groovy:36)


2023-06-07 14:19:42 - [TEST_STEP][PASSED] - Start listener action : login: Current window maximized

2023-06-07 14:19:42 - [TEST_STEP][PASSED] - maximizeWindow(): Current window maximized

2023-06-07 14:19:42 - [MESSAGE][PASSED] - Current window maximized

2023-06-07 14:19:42 - [TEST_STEP][PASSED] - openBrowser(""): Browser is opened with url: ''

2023-06-07 14:19:42 - [MESSAGE][WARNING] - A browser is already opened. Closing browser and opening a new one

2023-06-07 14:19:42 - [MESSAGE][INFO] - Starting 'Chrome' driver

2023-06-07 14:19:42 - [MESSAGE][INFO] - Action delay is set to 0 milliseconds

2023-06-07 14:19:43 - [MESSAGE][PASSED] - Browser is opened with url: ''

2023-06-07 14:19:43 - [TEST_STEP][PASSED] - maximizeWindow(): Current window maximized

2023-06-07 14:19:43 - [MESSAGE][PASSED] - Current window maximized

2023-06-07 14:19:43 - [TEST_STEP][PASSED] - navigateToUrl("https://demoqa.com/automation-practice-form"): Navigate to 'https://demoqa.com/automation-practice-form' successfully

2023-06-07 14:19:46 - [MESSAGE][PASSED] - Navigate to 'https://demoqa.com/automation-practice-form' successfully

2023-06-07 14:19:46 - [TEST_STEP][PASSED] - setText(findTestObject("Object Repository/Day-01/Practice Form Demo QA/Page_DEMOQA/input_Name_firstName"), "Deep"): Text 'Deep' is set on object 'Object Repository/Day-01/Practice Form Demo QA/Page_DEMOQA/input_Name_firstName'

2023-06-07 14:19:48 - [MESSAGE][PASSED] - Text 'Deep' is set on object 'Object Repository/Day-01/Practice Form Demo QA/Page_DEMOQA/input_Name_firstName'

2023-06-07 14:19:48 - [TEST_STEP][PASSED] - setText(findTestObject("Object Repository/Day-01/Practice Form Demo QA/Page_DEMOQA/input_Name_lastName"), "Patel"): Text 'Patel' is set on object 'Object Repository/Day-01/Practice Form Demo QA/Page_DEMOQA/input_Name_lastName'

2023-06-07 14:19:48 - [MESSAGE][PASSED] - Text 'Patel' is set on object 'Object Repository/Day-01/Practice Form Demo QA/Page_DEMOQA/input_Name_lastName'

2023-06-07 14:19:48 - [TEST_STEP][PASSED] - setText(findTestObject("Object Repository/Day-01/Practice Form Demo QA/Page_DEMOQA/input_Email_userEmail"), "deep@gmail.com"): Text 'deep@gmail.com' is set on object 'Object Repository/Day-01/Practice Form Demo QA/Page_DEMOQA/input_Email_userEmail'

2023-06-07 14:19:49 - [MESSAGE][PASSED] - Text 'deep@gmail.com' is set on object 'Object Repository/Day-01/Practice Form Demo QA/Page_DEMOQA/input_Email_userEmail'

2023-06-07 14:19:49 - [TEST_STEP][PASSED] - click(findTestObject("Object Repository/Day-01/Practice Form Demo QA/Page_DEMOQA/label_Male")): Object: 'Object Repository/Day-01/Practice Form Demo QA/Page_DEMOQA/label_Male' is clicked on

2023-06-07 14:19:50 - [MESSAGE][PASSED] - Object: 'Object Repository/Day-01/Practice Form Demo QA/Page_DEMOQA/label_Male' is clicked on

2023-06-07 14:19:50 - [TEST_STEP][PASSED] - setText(findTestObject("Object Repository/Day-01/Practice Form Demo QA/Page_DEMOQA/input_(10 Digits)_userNumber"), "1234567891"): Text '1234567891' is set on object 'Object Repository/Day-01/Practice Form Demo QA/Page_DEMOQA/input_(10 Digits)_userNumber'

2023-06-07 14:19:50 - [MESSAGE][PASSED] - Text '1234567891' is set on object 'Object Repository/Day-01/Practice Form Demo QA/Page_DEMOQA/input_(10 Digits)_userNumber'

2023-06-07 14:19:50 - [TEST_STEP][PASSED] - setText(findTestObject("Object Repository/Day-01/Practice Form Demo QA/Page_DEMOQA/input_Date of Birth_dateOfBirthInput"), "05 Jun 2023"): Text '05 Jun 2023' is set on object 'Object Repository/Day-01/Practice Form Demo QA/Page_DEMOQA/input_Date of Birth_dateOfBirthInput'

2023-06-07 14:19:52 - [MESSAGE][PASSED] - Text '05 Jun 2023' is set on object 'Object Repository/Day-01/Practice Form Demo QA/Page_DEMOQA/input_Date of Birth_dateOfBirthInput'

2023-06-07 14:19:52 - [TEST_STEP][PASSED] - click(findTestObject("Object Repository/Day-01/Practice Form Demo QA/Page_DEMOQA/input_Date of Birth_dateOfBirthInput")): Object: 'Object Repository/Day-01/Practice Form Demo QA/Page_DEMOQA/input_Date of Birth_dateOfBirthInput' is clicked on

2023-06-07 14:19:52 - [MESSAGE][PASSED] - Object: 'Object Repository/Day-01/Practice Form Demo QA/Page_DEMOQA/input_Date of Birth_dateOfBirthInput' is clicked on

2023-06-07 14:19:52 - [TEST_STEP][PASSED] - selectOptionByValue(findTestObject("Object Repository/Day-01/Practice Form Demo QA/Page_DEMOQA/select_JanuaryFebruaryMarchAprilMayJuneJuly_566629"), "11", true): All options with value '11' are selected in object 'Object Repository/Day-01/Practice Form Demo QA/Page_DEMOQA/select_JanuaryFebruaryMarchAprilMayJuneJuly_566629'  using regular expression

2023-06-07 14:19:54 - [MESSAGE][PASSED] - All options with value '11' are selected in object 'Object Repository/Day-01/Practice Form Demo QA/Page_DEMOQA/select_JanuaryFebruaryMarchAprilMayJuneJuly_566629'  using regular expression

2023-06-07 14:19:54 - [TEST_STEP][PASSED] - selectOptionByValue(findTestObject("Object Repository/Day-01/Practice Form Demo QA/Page_DEMOQA/select_190019011902190319041905190619071908_246ee1"), "2000", true): All options with value '2000' are selected in object 'Object Repository/Day-01/Practice Form Demo QA/Page_DEMOQA/select_190019011902190319041905190619071908_246ee1'  using regular expression

2023-06-07 14:19:56 - [MESSAGE][PASSED] - All options with value '2000' are selected in object 'Object Repository/Day-01/Practice Form Demo QA/Page_DEMOQA/select_190019011902190319041905190619071908_246ee1'  using regular expression

2023-06-07 14:19:56 - [TEST_STEP][PASSED] - click(findTestObject("Object Repository/Day-01/Practice Form Demo QA/Page_DEMOQA/div_22")): Object: 'Object Repository/Day-01/Practice Form Demo QA/Page_DEMOQA/div_22' is clicked on

2023-06-07 14:19:57 - [MESSAGE][PASSED] - Object: 'Object Repository/Day-01/Practice Form Demo QA/Page_DEMOQA/div_22' is clicked on

2023-06-07 14:19:57 - [TEST_STEP][PASSED] - click(findTestObject("Object Repository/Day-01/Practice Form Demo QA/Page_DEMOQA/div_Subjects_subjects-auto-complete__value-_d244cf")): Object: 'Object Repository/Day-01/Practice Form Demo QA/Page_DEMOQA/div_Subjects_subjects-auto-complete__value-_d244cf' is clicked on

2023-06-07 14:19:58 - [MESSAGE][PASSED] - Object: 'Object Repository/Day-01/Practice Form Demo QA/Page_DEMOQA/div_Subjects_subjects-auto-complete__value-_d244cf' is clicked on

2023-06-07 14:19:58 - [TEST_STEP][PASSED] - setText(findTestObject("Object Repository/Day-01/Practice Form Demo QA/Page_DEMOQA/input_Subjects_subjectsInput"), "e"): Text 'e' is set on object 'Object Repository/Day-01/Practice Form Demo QA/Page_DEMOQA/input_Subjects_subjectsInput'

2023-06-07 14:19:59 - [MESSAGE][PASSED] - Text 'e' is set on object 'Object Repository/Day-01/Practice Form Demo QA/Page_DEMOQA/input_Subjects_subjectsInput'

2023-06-07 14:19:59 - [TEST_STEP][PASSED] - click(findTestObject("Object Repository/Day-01/Practice Form Demo QA/Page_DEMOQA/div_English")): Object: 'Object Repository/Day-01/Practice Form Demo QA/Page_DEMOQA/div_English' is clicked on

2023-06-07 14:19:59 - [MESSAGE][PASSED] - Object: 'Object Repository/Day-01/Practice Form Demo QA/Page_DEMOQA/div_English' is clicked on

2023-06-07 14:19:59 - [TEST_STEP][PASSED] - setText(findTestObject("Object Repository/Day-01/Practice Form Demo QA/Page_DEMOQA/input_Subjects_subjectsInput"), "m"): Text 'm' is set on object 'Object Repository/Day-01/Practice Form Demo QA/Page_DEMOQA/input_Subjects_subjectsInput'

2023-06-07 14:20:00 - [MESSAGE][PASSED] - Text 'm' is set on object 'Object Repository/Day-01/Practice Form Demo QA/Page_DEMOQA/input_Subjects_subjectsInput'

2023-06-07 14:20:00 - [TEST_STEP][PASSED] - click(findTestObject("Object Repository/Day-01/Practice Form Demo QA/Page_DEMOQA/div_Maths")): Object: 'Object Repository/Day-01/Practice Form Demo QA/Page_DEMOQA/div_Maths' is clicked on

2023-06-07 14:20:01 - [MESSAGE][PASSED] - Object: 'Object Repository/Day-01/Practice Form Demo QA/Page_DEMOQA/div_Maths' is clicked on

2023-06-07 14:20:01 - [TEST_STEP][PASSED] - click(findTestObject("Object Repository/Day-01/Practice Form Demo QA/Page_DEMOQA/label_Sports")): Object: 'Object Repository/Day-01/Practice Form Demo QA/Page_DEMOQA/label_Sports' is clicked on

2023-06-07 14:20:01 - [MESSAGE][PASSED] - Object: 'Object Repository/Day-01/Practice Form Demo QA/Page_DEMOQA/label_Sports' is clicked on

2023-06-07 14:20:01 - [TEST_STEP][PASSED] - click(findTestObject("Object Repository/Day-01/Practice Form Demo QA/Page_DEMOQA/label_Reading")): Object: 'Object Repository/Day-01/Practice Form Demo QA/Page_DEMOQA/label_Reading' is clicked on

2023-06-07 14:20:02 - [MESSAGE][PASSED] - Object: 'Object Repository/Day-01/Practice Form Demo QA/Page_DEMOQA/label_Reading' is clicked on

2023-06-07 14:20:02 - [TEST_STEP][PASSED] - setText(findTestObject("Day-01/Practice Form Demo QA/Page_DEMOQA/input_Select picture_uploadPicture"), "/home/deep/Pictures/Wallpapers/Simform_Wallpaper4.png"): Text '/home/deep/Pictures/Wallpapers/Simform_Wallpaper4.png' is set on object 'Object Repository/Day-01/Practice Form Demo QA/Page_DEMOQA/input_Select picture_uploadPicture'

2023-06-07 14:20:03 - [MESSAGE][PASSED] - Text '/home/deep/Pictures/Wallpapers/Simform_Wallpaper4.png' is set on object 'Object Repository/Day-01/Practice Form Demo QA/Page_DEMOQA/input_Select picture_uploadPicture'

2023-06-07 14:20:03 - [TEST_STEP][PASSED] - setText(findTestObject("Object Repository/Day-01/Practice Form Demo QA/Page_DEMOQA/textarea_Current Address_currentAddress"), "Ahmedabad"): Text 'Ahmedabad' is set on object 'Object Repository/Day-01/Practice Form Demo QA/Page_DEMOQA/textarea_Current Address_currentAddress'

2023-06-07 14:20:03 - [MESSAGE][PASSED] - Text 'Ahmedabad' is set on object 'Object Repository/Day-01/Practice Form Demo QA/Page_DEMOQA/textarea_Current Address_currentAddress'

2023-06-07 14:20:03 - [TEST_STEP][PASSED] - click(findTestObject("Object Repository/Day-01/Practice Form Demo QA/Page_DEMOQA/div_NCR")): Object: 'Object Repository/Day-01/Practice Form Demo QA/Page_DEMOQA/div_NCR' is clicked on

2023-06-07 14:20:04 - [MESSAGE][PASSED] - Object: 'Object Repository/Day-01/Practice Form Demo QA/Page_DEMOQA/div_NCR' is clicked on

2023-06-07 14:20:04 - [TEST_STEP][PASSED] - click(findTestObject("Day-01/Practice Form Demo QA/Page_DEMOQA/div_NCR (1)")): Object: 'Object Repository/Day-01/Practice Form Demo QA/Page_DEMOQA/div_NCR (1)' is clicked on

2023-06-07 14:20:04 - [MESSAGE][PASSED] - Object: 'Object Repository/Day-01/Practice Form Demo QA/Page_DEMOQA/div_NCR (1)' is clicked on

2023-06-07 14:20:04 - [TEST_STEP][PASSED] - click(findTestObject("Object Repository/Day-01/Practice Form Demo QA/Page_DEMOQA/div_Select City")): Object: 'Object Repository/Day-01/Practice Form Demo QA/Page_DEMOQA/div_Select City' is clicked on

2023-06-07 14:20:05 - [MESSAGE][PASSED] - Object: 'Object Repository/Day-01/Practice Form Demo QA/Page_DEMOQA/div_Select City' is clicked on

2023-06-07 14:20:05 - [TEST_STEP][PASSED] - click(findTestObject("Day-01/Practice Form Demo QA/Page_DEMOQA/div_Delhi (1)")): Object: 'Object Repository/Day-01/Practice Form Demo QA/Page_DEMOQA/div_Delhi (1)' is clicked on

2023-06-07 14:20:05 - [MESSAGE][PASSED] - Object: 'Object Repository/Day-01/Practice Form Demo QA/Page_DEMOQA/div_Delhi (1)' is clicked on

2023-06-07 14:20:05 - [TEST_STEP][PASSED] - click(findTestObject("Object Repository/Day-01/Practice Form Demo QA/Page_DEMOQA/button_Submit")): Object: 'Object Repository/Day-01/Practice Form Demo QA/Page_DEMOQA/button_Submit' is clicked on

2023-06-07 14:20:06 - [MESSAGE][PASSED] - Object: 'Object Repository/Day-01/Practice Form Demo QA/Page_DEMOQA/button_Submit' is clicked on

2023-06-07 14:20:06 - [TEST_STEP][PASSED] - verifyElementText(findTestObject("Object Repository/Day-01/Practice Form Demo QA/Page_DEMOQA/td_Deep Patel"), "Deep Patel"): Actual text and expected text of test object 'Object Repository/Day-01/Practice Form Demo QA/Page_DEMOQA/td_Deep Patel' are matched.

2023-06-07 14:20:07 - [MESSAGE][PASSED] - Actual text and expected text of test object 'Object Repository/Day-01/Practice Form Demo QA/Page_DEMOQA/td_Deep Patel' are matched.

2023-06-07 14:20:07 - [TEST_STEP][PASSED] - verifyElementText(findTestObject("Object Repository/Day-01/Practice Form Demo QA/Page_DEMOQA/td_deepgmail.com"), "deep@gmail.com"): Actual text and expected text of test object 'Object Repository/Day-01/Practice Form Demo QA/Page_DEMOQA/td_deepgmail.com' are matched.

2023-06-07 14:20:07 - [MESSAGE][PASSED] - Actual text and expected text of test object 'Object Repository/Day-01/Practice Form Demo QA/Page_DEMOQA/td_deepgmail.com' are matched.

2023-06-07 14:20:07 - [TEST_STEP][ERROR] - verifyElementText(findTestObject("Object Repository/Day-01/Practice Form Demasdasdasdo QA/Page_DEMOQA/td_Male"), "Male"): Test Cases/Day-04/failesTestCase FAILED.
Reason:
java.lang.NullPointerException
	at com.kms.katalon.core.webui.keyword.builtin.VerifyElementTextKeyword.verifyElementText(VerifyElementTextKeyword.groovy:72)
	at com.kms.katalon.core.webui.keyword.builtin.VerifyElementTextKeyword.execute(VerifyElementTextKeyword.groovy:40)
	at com.kms.katalon.core.keyword.internal.KeywordExecutor.executeKeywordForPlatform(KeywordExecutor.groovy:74)
	at com.kms.katalon.core.webui.keyword.WebUiBuiltInKeywords.verifyElementText(WebUiBuiltInKeywords.groovy:4749)
	at com.kms.katalon.core.webui.keyword.WebUiBuiltInKeywords$verifyElementText$5.call(Unknown Source)
	at failesTestCase.run(failesTestCase:83)
	at com.kms.katalon.core.main.ScriptEngine.run(ScriptEngine.java:194)
	at com.kms.katalon.core.main.ScriptEngine.runScriptAsRawText(ScriptEngine.java:119)
	at com.kms.katalon.core.main.TestCaseExecutor.runScript(TestCaseExecutor.java:448)
	at com.kms.katalon.core.main.TestCaseExecutor.doExecute(TestCaseExecutor.java:439)
	at com.kms.katalon.core.main.TestCaseExecutor.processExecutionPhase(TestCaseExecutor.java:418)
	at com.kms.katalon.core.main.TestCaseExecutor.accessMainPhase(TestCaseExecutor.java:410)
	at com.kms.katalon.core.main.TestCaseExecutor.execute(TestCaseExecutor.java:285)
	at com.kms.katalon.core.main.TestCaseExecutor.execute(TestCaseExecutor.java:369)
	at com.kms.katalon.core.main.TestCaseExecutor.execute(TestCaseExecutor.java:369)
	at com.kms.katalon.core.main.TestCaseExecutor.execute(TestCaseExecutor.java:369)
	at com.kms.katalon.core.common.CommonExecutor.accessTestCaseMainPhase(CommonExecutor.java:65)
	at com.kms.katalon.core.main.TestSuiteExecutor.accessTestSuiteMainPhase(TestSuiteExecutor.java:148)
	at com.kms.katalon.core.main.TestSuiteExecutor.execute(TestSuiteExecutor.java:106)
	at com.kms.katalon.core.main.TestCaseMain.startTestSuite(TestCaseMain.java:187)
	at com.kms.katalon.core.main.TestCaseMain$startTestSuite$0.call(Unknown Source)
	at TempTestSuite1686127700640.run(TempTestSuite1686127700640.groovy:36)


2023-06-07 14:20:07 - [MESSAGE][WARNING] - Test object with id 'Object Repository/Day-01/Practice Form Demasdasdasdo QA/Page_DEMOQA/td_Male' does not exist

2023-06-07 14:20:07 - [MESSAGE][WARNING] - Test object with id 'Object Repository/' does not exist

2023-06-07 14:20:07 - [MESSAGE][ERROR] - Test Cases/Day-04/failesTestCase FAILED.
Reason:
java.lang.NullPointerException
	at com.kms.katalon.core.webui.keyword.builtin.VerifyElementTextKeyword.verifyElementText(VerifyElementTextKeyword.groovy:72)
	at com.kms.katalon.core.webui.keyword.builtin.VerifyElementTextKeyword.execute(VerifyElementTextKeyword.groovy:40)
	at com.kms.katalon.core.keyword.internal.KeywordExecutor.executeKeywordForPlatform(KeywordExecutor.groovy:74)
	at com.kms.katalon.core.webui.keyword.WebUiBuiltInKeywords.verifyElementText(WebUiBuiltInKeywords.groovy:4749)
	at com.kms.katalon.core.webui.keyword.WebUiBuiltInKeywords$verifyElementText$5.call(Unknown Source)
	at failesTestCase.run(failesTestCase:83)
	at com.kms.katalon.core.main.ScriptEngine.run(ScriptEngine.java:194)
	at com.kms.katalon.core.main.ScriptEngine.runScriptAsRawText(ScriptEngine.java:119)
	at com.kms.katalon.core.main.TestCaseExecutor.runScript(TestCaseExecutor.java:448)
	at com.kms.katalon.core.main.TestCaseExecutor.doExecute(TestCaseExecutor.java:439)
	at com.kms.katalon.core.main.TestCaseExecutor.processExecutionPhase(TestCaseExecutor.java:418)
	at com.kms.katalon.core.main.TestCaseExecutor.accessMainPhase(TestCaseExecutor.java:410)
	at com.kms.katalon.core.main.TestCaseExecutor.execute(TestCaseExecutor.java:285)
	at com.kms.katalon.core.main.TestCaseExecutor.execute(TestCaseExecutor.java:369)
	at com.kms.katalon.core.main.TestCaseExecutor.execute(TestCaseExecutor.java:369)
	at com.kms.katalon.core.main.TestCaseExecutor.execute(TestCaseExecutor.java:369)
	at com.kms.katalon.core.common.CommonExecutor.accessTestCaseMainPhase(CommonExecutor.java:65)
	at com.kms.katalon.core.main.TestSuiteExecutor.accessTestSuiteMainPhase(TestSuiteExecutor.java:148)
	at com.kms.katalon.core.main.TestSuiteExecutor.execute(TestSuiteExecutor.java:106)
	at com.kms.katalon.core.main.TestCaseMain.startTestSuite(TestCaseMain.java:187)
	at com.kms.katalon.core.main.TestCaseMain$startTestSuite$0.call(Unknown Source)
	at TempTestSuite1686127700640.run(TempTestSuite1686127700640.groovy:36)


2023-06-07 14:20:07 - [TEST_STEP][PASSED] - Start listener action : logout: null

2023-06-07 14:20:07 - [TEST_STEP][PASSED] - println("Testcase Run successfully."): null]]></system-out>
         <system-err><![CDATA[2023-06-07 14:19:42 - [TEST_CASE][ERROR] - Test Cases/Day-04/failesTestCase: Test Cases/Day-04/failesTestCase FAILED.
Reason:
java.lang.NullPointerException
	at com.kms.katalon.core.webui.keyword.builtin.VerifyElementTextKeyword.verifyElementText(VerifyElementTextKeyword.groovy:72)
	at com.kms.katalon.core.webui.keyword.builtin.VerifyElementTextKeyword.execute(VerifyElementTextKeyword.groovy:40)
	at com.kms.katalon.core.keyword.internal.KeywordExecutor.executeKeywordForPlatform(KeywordExecutor.groovy:74)
	at com.kms.katalon.core.webui.keyword.WebUiBuiltInKeywords.verifyElementText(WebUiBuiltInKeywords.groovy:4749)
	at com.kms.katalon.core.webui.keyword.WebUiBuiltInKeywords$verifyElementText$5.call(Unknown Source)
	at failesTestCase.run(failesTestCase:83)
	at com.kms.katalon.core.main.ScriptEngine.run(ScriptEngine.java:194)
	at com.kms.katalon.core.main.ScriptEngine.runScriptAsRawText(ScriptEngine.java:119)
	at com.kms.katalon.core.main.TestCaseExecutor.runScript(TestCaseExecutor.java:448)
	at com.kms.katalon.core.main.TestCaseExecutor.doExecute(TestCaseExecutor.java:439)
	at com.kms.katalon.core.main.TestCaseExecutor.processExecutionPhase(TestCaseExecutor.java:418)
	at com.kms.katalon.core.main.TestCaseExecutor.accessMainPhase(TestCaseExecutor.java:410)
	at com.kms.katalon.core.main.TestCaseExecutor.execute(TestCaseExecutor.java:285)
	at com.kms.katalon.core.main.TestCaseExecutor.execute(TestCaseExecutor.java:369)
	at com.kms.katalon.core.main.TestCaseExecutor.execute(TestCaseExecutor.java:369)
	at com.kms.katalon.core.main.TestCaseExecutor.execute(TestCaseExecutor.java:369)
	at com.kms.katalon.core.common.CommonExecutor.accessTestCaseMainPhase(CommonExecutor.java:65)
	at com.kms.katalon.core.main.TestSuiteExecutor.accessTestSuiteMainPhase(TestSuiteExecutor.java:148)
	at com.kms.katalon.core.main.TestSuiteExecutor.execute(TestSuiteExecutor.java:106)
	at com.kms.katalon.core.main.TestCaseMain.startTestSuite(TestCaseMain.java:187)
	at com.kms.katalon.core.main.TestCaseMain$startTestSuite$0.call(Unknown Source)
	at TempTestSuite1686127700640.run(TempTestSuite1686127700640.groovy:36)]]></system-err>
      </testcase>
      <system-out><![CDATA[2023-06-07 14:18:22 - [TEST_SUITE][ERROR] - failed: Test Cases/Day-04/failesTestCase FAILED.
Reason:
java.lang.NullPointerException
	at com.kms.katalon.core.webui.keyword.builtin.VerifyElementTextKeyword.verifyElementText(VerifyElementTextKeyword.groovy:72)
	at com.kms.katalon.core.webui.keyword.builtin.VerifyElementTextKeyword.execute(VerifyElementTextKeyword.groovy:40)
	at com.kms.katalon.core.keyword.internal.KeywordExecutor.executeKeywordForPlatform(KeywordExecutor.groovy:74)
	at com.kms.katalon.core.webui.keyword.WebUiBuiltInKeywords.verifyElementText(WebUiBuiltInKeywords.groovy:4749)
	at com.kms.katalon.core.webui.keyword.WebUiBuiltInKeywords$verifyElementText$5.call(Unknown Source)
	at failesTestCase.run(failesTestCase:83)
	at com.kms.katalon.core.main.ScriptEngine.run(ScriptEngine.java:194)
	at com.kms.katalon.core.main.ScriptEngine.runScriptAsRawText(ScriptEngine.java:119)
	at com.kms.katalon.core.main.TestCaseExecutor.runScript(TestCaseExecutor.java:448)
	at com.kms.katalon.core.main.TestCaseExecutor.doExecute(TestCaseExecutor.java:439)
	at com.kms.katalon.core.main.TestCaseExecutor.processExecutionPhase(TestCaseExecutor.java:418)
	at com.kms.katalon.core.main.TestCaseExecutor.accessMainPhase(TestCaseExecutor.java:410)
	at com.kms.katalon.core.main.TestCaseExecutor.execute(TestCaseExecutor.java:285)
	at com.kms.katalon.core.common.CommonExecutor.accessTestCaseMainPhase(CommonExecutor.java:65)
	at com.kms.katalon.core.main.TestSuiteExecutor.accessTestSuiteMainPhase(TestSuiteExecutor.java:148)
	at com.kms.katalon.core.main.TestSuiteExecutor.execute(TestSuiteExecutor.java:106)
	at com.kms.katalon.core.main.TestCaseMain.startTestSuite(TestCaseMain.java:187)
	at com.kms.katalon.core.main.TestCaseMain$startTestSuite$0.call(Unknown Source)
	at TempTestSuite1686127700640.run(TempTestSuite1686127700640.groovy:36)]]></system-out>
      <system-err><![CDATA[2023-06-07 14:18:22 - [TEST_SUITE][ERROR] - failed: Test Cases/Day-04/failesTestCase FAILED.
Reason:
java.lang.NullPointerException
	at com.kms.katalon.core.webui.keyword.builtin.VerifyElementTextKeyword.verifyElementText(VerifyElementTextKeyword.groovy:72)
	at com.kms.katalon.core.webui.keyword.builtin.VerifyElementTextKeyword.execute(VerifyElementTextKeyword.groovy:40)
	at com.kms.katalon.core.keyword.internal.KeywordExecutor.executeKeywordForPlatform(KeywordExecutor.groovy:74)
	at com.kms.katalon.core.webui.keyword.WebUiBuiltInKeywords.verifyElementText(WebUiBuiltInKeywords.groovy:4749)
	at com.kms.katalon.core.webui.keyword.WebUiBuiltInKeywords$verifyElementText$5.call(Unknown Source)
	at failesTestCase.run(failesTestCase:83)
	at com.kms.katalon.core.main.ScriptEngine.run(ScriptEngine.java:194)
	at com.kms.katalon.core.main.ScriptEngine.runScriptAsRawText(ScriptEngine.java:119)
	at com.kms.katalon.core.main.TestCaseExecutor.runScript(TestCaseExecutor.java:448)
	at com.kms.katalon.core.main.TestCaseExecutor.doExecute(TestCaseExecutor.java:439)
	at com.kms.katalon.core.main.TestCaseExecutor.processExecutionPhase(TestCaseExecutor.java:418)
	at com.kms.katalon.core.main.TestCaseExecutor.accessMainPhase(TestCaseExecutor.java:410)
	at com.kms.katalon.core.main.TestCaseExecutor.execute(TestCaseExecutor.java:285)
	at com.kms.katalon.core.common.CommonExecutor.accessTestCaseMainPhase(CommonExecutor.java:65)
	at com.kms.katalon.core.main.TestSuiteExecutor.accessTestSuiteMainPhase(TestSuiteExecutor.java:148)
	at com.kms.katalon.core.main.TestSuiteExecutor.execute(TestSuiteExecutor.java:106)
	at com.kms.katalon.core.main.TestCaseMain.startTestSuite(TestCaseMain.java:187)
	at com.kms.katalon.core.main.TestCaseMain$startTestSuite$0.call(Unknown Source)
	at TempTestSuite1686127700640.run(TempTestSuite1686127700640.groovy:36)]]></system-err>
   </testsuite>
</testsuites>
